#
# A fatal error has been detected by the Java Runtime Environment:
#
#  EXCEPTION_ACCESS_VIOLATION (0xc0000005) at pc=0x00007fff40a81bc5, pid=30512, tid=29924
#
# JRE version:  (20.0.2+9) (build )
# Java VM: OpenJDK 64-Bit Server VM (20.0.2+9-78, mixed mode, sharing, tiered, unknown gc, windows-amd64)
# Problematic frame:
# C  [jimage.dll+0x1bc5]
#
# No core dump will be written. Minidumps are not enabled by default on client versions of Windows
#
#

---------------  S U M M A R Y ------------

Command Line: 

Host: AMD Ryzen 7 6800H with Radeon Graphics         , 16 cores, 15G,  Windows 11 , 64 bit Build 22621 (10.0.22621.2070)
Time: Sat Sep  2 17:19:30 2023 Central Daylight Time elapsed time: 0.055554 seconds (0d 0h 0m 0s)

---------------  T H R E A D  ---------------

Current thread is native thread

Stack: [0x000000a688200000,0x000000a688300000],  sp=0x000000a6882fd890,  free space=1014k
Native frames: (J=compiled Java code, j=interpreted, Vv=VM code, C=native code)
C  [jimage.dll+0x1bc5]
C  [jimage.dll+0x1d53]
C  [jimage.dll+0x2619]
V  [jvm.dll+0x2236a0]
V  [jvm.dll+0xc7062]
V  [jvm.dll+0x7fdcfa]
V  [jvm.dll+0x44ccaf]
V  [jvm.dll+0x44e621]
C  [jli.dll+0x5287]
C  [ucrtbase.dll+0x29363]
C  [KERNEL32.DLL+0x126ad]
C  [ntdll.dll+0x5aa68]


siginfo: EXCEPTION_ACCESS_VIOLATION (0xc0000005), reading address 0x00000000000107dc


Registers:
RAX=0x00000000000041f0, RBX=0x000000a6882fd981, RCX=0x00007fff40a86000, RDX=0x00000000000041f0
RSP=0x000000a6882fd890, RBP=0x000000a6882fd980, RSI=0x000000000000735b, RDI=0x000000a6882fd980
R8 =0x00007fff40a84298, R9 =0x000000000000001c, R10=0x00007fff366e0000, R11=0x00007fff40a86000
R12=0x0000000000000000, R13=0x000000a6882ffd70, R14=0x000000a6882fe9f0, R15=0x00007ffea9882160
RIP=0x00007fff40a81bc5, EFLAGS=0x0000000000010212


Top of Stack: (sp=0x000000a6882fd890)
0x000000a6882fd890:   0000025896320b48 0000000070000575
0x000000a6882fd8a0:   0000025896320b60 0000025896320b1c
0x000000a6882fd8b0:   0000025896460fe0 00007fff40a81d53
0x000000a6882fd8c0:   000000000000000b 0000025896460fe0
0x000000a6882fd8d0:   00000000000006f5 00000000000006f5
0x000000a6882fd8e0:   00000000000006f5 00007fff5907422a
0x000000a6882fd8f0:   0000025896422e20 0000025870000575
0x000000a6882fd900:   0000025896420000 000000a670000575
0x000000a6882fd910:   00000000000006f5 00000258986b0080
0x000000a6882fd920:   0000ef368cc60041 0000025896420150
0x000000a6882fd930:   00007ffea9861170 0000000000000017
0x000000a6882fd940:   0000025896460fe0 000000a6882fe9f0
0x000000a6882fd950:   000000000000000b 00007fff40a82619
0x000000a6882fd960:   0000025896420000 00007fff70000575
0x000000a6882fd970:   000000000000075e 00000258986cd9f0
0x000000a6882fd980:   61622e6176616a2f 692f6b646a2f6573
0x000000a6882fd990:   2f6c616e7265746e 6f6974706f2f6d76
0x000000a6882fd9a0:   000002589600736e 00000258986cefc0
0x000000a6882fd9b0:   00000258000003ff 000000000000075e
0x000000a6882fd9c0:   00000258986b0000 0000025805010004
0x000000a6882fd9d0:   00000000000005eb 0000000000005eb0
0x000000a6882fd9e0:   000002589642007c 0000025896420150
0x000000a6882fd9f0:   00000258986cd9e0 00007fff70000575
0x000000a6882fda00:   0000025896420000 000000a602000002
0x000000a6882fda10:   0000000000000000 0000000000000000
0x000000a6882fda20:   0000025896420150 00000258986d3890
0x000000a6882fda30:   0000000000000000 0000000000000000
0x000000a6882fda40:   0000000000000173 00007fff5907422a
0x000000a6882fda50:   0000025896422e20 000000a6882fdd89
0x000000a6882fda60:   0000025896420000 0000000000000173
0x000000a6882fda70:   00000258986d38a0 00000258986d3890
0x000000a6882fda80:   00000258964202c0 00007fff5906f466 

Instructions: (pc=0x00007fff40a81bc5)
0x00007fff40a81ac5:   48 85 c9 74 1d 80 3d 3f 45 00 00 00 74 06 48 8b
0x00007fff40a81ad5:   53 18 eb 04 48 8b 53 40 e8 96 0e 00 00 48 83 63
0x00007fff40a81ae5:   48 00 8b 4b 0c 83 f9 ff 74 09 e8 cc 0c 00 00 83
0x00007fff40a81af5:   4b 0c ff 48 8b 4b 70 48 85 c9 74 0f ba 10 00 00
0x00007fff40a81b05:   00 e8 ed 0e 00 00 48 83 63 70 00 48 83 c4 20 5b
0x00007fff40a81b15:   c3 cc cc 40 53 48 83 ec 20 48 8b d9 48 8d 0d f8
0x00007fff40a81b25:   46 00 00 e8 9b 0c 00 00 83 6b 08 01 75 24 48 8b
0x00007fff40a81b35:   d3 48 8d 0d db 44 00 00 e8 22 08 00 00 48 8b cb
0x00007fff40a81b45:   e8 d6 fe ff ff ba 78 00 00 00 48 8b cb e8 a1 0e
0x00007fff40a81b55:   00 00 48 8d 0d c2 46 00 00 48 83 c4 20 5b e9 68
0x00007fff40a81b65:   0c 00 00 48 89 5c 24 08 48 89 74 24 10 57 48 83
0x00007fff40a81b75:   ec 20 41 8b f1 4d 8b c8 48 8b fa 4c 8b d9 4d 85
0x00007fff40a81b85:   c0 74 78 85 f6 74 74 44 8a 12 48 8d 5a 01 48 8b
0x00007fff40a81b95:   d3 b8 93 01 00 01 eb 12 69 c0 93 01 00 01 41 0f
0x00007fff40a81ba5:   b6 ca 44 8a 12 33 c1 48 ff c2 45 84 d2 75 e9 4d
0x00007fff40a81bb5:   8b 03 0f ba f0 1f 33 d2 49 8b cb f7 f6 48 63 c2
0x00007fff40a81bc5:   41 8b 14 81 41 ff 50 08 85 c0 7e 24 8a 0f eb 10
0x00007fff40a81bd5:   69 c0 93 01 00 01 0f b6 c9 33 c1 8a 0b 48 ff c3
0x00007fff40a81be5:   84 c9 75 ec 0f ba f0 1f 33 d2 f7 f6 8b c2 eb 0e
0x00007fff40a81bf5:   79 09 83 c9 ff 2b c8 8b c1 eb 03 83 c8 ff 48 8b
0x00007fff40a81c05:   5c 24 30 48 8b 74 24 38 48 83 c4 20 5f c3 cc 48
0x00007fff40a81c15:   89 5c 24 08 48 89 74 24 10 57 48 83 ec 20 48 8b
0x00007fff40a81c25:   f1 48 8d 0d f3 45 00 00 e8 96 0b 00 00 33 ff 39
0x00007fff40a81c35:   3d de 43 00 00 76 24 48 8b 05 dd 43 00 00 48 8b
0x00007fff40a81c45:   d6 48 8b 1c f8 48 8b 0b e8 68 1e 00 00 85 c0 74
0x00007fff40a81c55:   2b ff c7 3b 3d ba 43 00 00 72 dc 33 db 48 8d 0d
0x00007fff40a81c65:   b7 45 00 00 e8 62 0b 00 00 48 8b 74 24 38 48 8b
0x00007fff40a81c75:   c3 48 8b 5c 24 30 48 83 c4 20 5f c3 ff 43 08 eb
0x00007fff40a81c85:   dc cc cc 48 89 5c 24 08 48 89 74 24 10 57 48 83
0x00007fff40a81c95:   ec 20 48 8b d9 48 8b f2 48 8b 49 10 49 8b f8 8b
0x00007fff40a81ca5:   53 30 48 8b 01 ff 50 20 4c 8b 43 50 48 8b d6 48
0x00007fff40a81cb5:   8b 4b 10 44 8b c8 e8 a8 fe ff ff 83 f8 ff 74 38 



---------------  P R O C E S S  ---------------

VM state: not at safepoint (not fully initialized)

VM Mutex/Monitor currently owned by a thread: None

GC Precious Log:
<Not initialized>


Dynamic libraries:
0x00007ff7ccb10000 - 0x00007ff7ccb1e000 	C:\Users\legui\.jdks\openjdk-20.0.2\bin\java.exe
0x00007fff59030000 - 0x00007fff59244000 	C:\Windows\SYSTEM32\ntdll.dll
0x00007fff576e0000 - 0x00007fff577a4000 	C:\Windows\System32\KERNEL32.DLL
0x00007fff56920000 - 0x00007fff56cc4000 	C:\Windows\System32\KERNELBASE.dll
0x00007fff56cd0000 - 0x00007fff56de1000 	C:\Windows\System32\ucrtbase.dll
0x00007fff366e0000 - 0x00007fff366fb000 	C:\Users\legui\.jdks\openjdk-20.0.2\bin\VCRUNTIME140.dll
0x00007fff366c0000 - 0x00007fff366d7000 	C:\Users\legui\.jdks\openjdk-20.0.2\bin\jli.dll
0x00007fff57040000 - 0x00007fff571ea000 	C:\Windows\System32\USER32.dll
0x00007fff56640000 - 0x00007fff56666000 	C:\Windows\System32\win32u.dll
0x00007fff41640000 - 0x00007fff418cf000 	C:\Windows\WinSxS\amd64_microsoft.windows.common-controls_6595b64144ccf1df_6.0.22621.2070_none_2713e6537381f706\COMCTL32.dll
0x00007fff58110000 - 0x00007fff58139000 	C:\Windows\System32\GDI32.dll
0x00007fff57520000 - 0x00007fff575c7000 	C:\Windows\System32\msvcrt.dll
0x00007fff56520000 - 0x00007fff56639000 	C:\Windows\System32\gdi32full.dll
0x00007fff56410000 - 0x00007fff564aa000 	C:\Windows\System32\msvcp_win.dll
0x00007fff574e0000 - 0x00007fff57511000 	C:\Windows\System32\IMM32.DLL
0x00007fff40d80000 - 0x00007fff40d8c000 	C:\Users\legui\.jdks\openjdk-20.0.2\bin\vcruntime140_1.dll
0x00007ffef7680000 - 0x00007ffef770e000 	C:\Users\legui\.jdks\openjdk-20.0.2\bin\msvcp140.dll
0x00007ffea8f20000 - 0x00007ffea9bb8000 	C:\Users\legui\.jdks\openjdk-20.0.2\bin\server\jvm.dll
0x00007fff581c0000 - 0x00007fff58270000 	C:\Windows\System32\ADVAPI32.dll
0x00007fff57630000 - 0x00007fff576d6000 	C:\Windows\System32\sechost.dll
0x00007fff58ed0000 - 0x00007fff58fe7000 	C:\Windows\System32\RPCRT4.dll
0x00007fff52930000 - 0x00007fff52939000 	C:\Windows\SYSTEM32\WSOCK32.dll
0x00007fff4b090000 - 0x00007fff4b09a000 	C:\Windows\SYSTEM32\VERSION.dll
0x00007fff4d190000 - 0x00007fff4d1c4000 	C:\Windows\SYSTEM32\WINMM.dll
0x00007fff56ec0000 - 0x00007fff56f31000 	C:\Windows\System32\WS2_32.dll
0x00007fff554c0000 - 0x00007fff554d8000 	C:\Windows\SYSTEM32\kernel.appcore.dll
0x00007fff40a80000 - 0x00007fff40a8a000 	C:\Users\legui\.jdks\openjdk-20.0.2\bin\jimage.dll
0x00007fff53880000 - 0x00007fff53aae000 	C:\Windows\SYSTEM32\DBGHELP.DLL
0x00007fff57d80000 - 0x00007fff5810a000 	C:\Windows\System32\combase.dll
0x00007fff577b0000 - 0x00007fff57887000 	C:\Windows\System32\OLEAUT32.dll
0x00007fff413e0000 - 0x00007fff41412000 	C:\Windows\SYSTEM32\dbgcore.DLL
0x00007fff56670000 - 0x00007fff566ea000 	C:\Windows\System32\bcryptPrimitives.dll

dbghelp: loaded successfully - version: 4.0.5 - missing functions: none
symbol engine: initialized successfully - sym options: 0x614 - pdb path: .;C:\Users\legui\.jdks\openjdk-20.0.2\bin;C:\Windows\SYSTEM32;C:\Windows\WinSxS\amd64_microsoft.windows.common-controls_6595b64144ccf1df_6.0.22621.2070_none_2713e6537381f706;C:\Users\legui\.jdks\openjdk-20.0.2\bin\server

VM Arguments:
java_command: <unknown>
java_class_path (initial): <not set>
Launcher Type: SUN_STANDARD

[Global flags]
     bool UseLargePagesIndividualAllocation        = false                                  {pd product} {ergonomic}

Logging:
Log output configuration:
 #0: stdout all=warning uptime,level,tags foldmultilines=false
 #1: stderr all=off uptime,level,tags foldmultilines=false

Environment Variables:
PATH=C:\Program Files\Common Files\Oracle\Java\javapath;C:\Windows\system32;C:\Windows;C:\Windows\System32\Wbem;C:\Windows\System32\WindowsPowerShell\v1.0\;C:\Windows\System32\OpenSSH\;C:\Users\legui\AppData\Local\Microsoft\WindowsApps;C:\Users\legui\AppData\Local\Programs\Microsoft VS Code\bin;C:\Users\legui\AppData\Local\GitHubDesktop\bin;C:\Program Files\Java\jdk-20\bin;
USERNAME=legui
OS=Windows_NT
PROCESSOR_IDENTIFIER=AMD64 Family 25 Model 68 Stepping 1, AuthenticAMD
TMP=C:\Users\legui\AppData\Local\Temp
TEMP=C:\Users\legui\AppData\Local\Temp




---------------  S Y S T E M  ---------------

OS:
 Windows 11 , 64 bit Build 22621 (10.0.22621.2070)
OS uptime: 0 days 17:55 hours

CPU: total 16 (initial active 0) 

Memory: 4k page, system-wide physical 15615M (1036M free)
TotalPageFile size 27656M (AvailPageFile size 4103M)
current process WorkingSet (physical memory assigned to process): 8M, peak: 8M
current process commit charge ("private bytes"): 3M, peak: 3M

vm_info: OpenJDK 64-Bit Server VM (20.0.2+9-78) for windows-amd64 JRE (20.0.2+9-78), built on 2023-06-14T10:08:48Z by "mach5one" with MS VC++ 17.1 (VS2022)

END.
